<?xml version="1.0" encoding="UTF-8"?>
<coverage generated="1752771511322" clover="3.2.0">
  <project timestamp="1752771511322" name="All files">
    <metrics statements="5" coveredstatements="1" conditionals="0" coveredconditionals="0" methods="2" coveredmethods="0" elements="7" coveredelements="1" complexity="0" loc="5" ncloc="5" packages="2" files="3" classes="3"/>
    <package name="Button">
      <metrics statements="2" coveredstatements="0" conditionals="0" coveredconditionals="0" methods="1" coveredmethods="0"/>
      <file name="Button.tsx" path="C:\Users\Nurli\A_MY_FILES\rs-school\week-1\movie-room-app\src\components\Button\Button.tsx">
        <metrics statements="2" coveredstatements="0" conditionals="0" coveredconditionals="0" methods="1" coveredmethods="0"/>
        <line num="7" count="0" type="stmt"/>
        <line num="8" count="0" type="stmt"/>
      </file>
    </package>
    <package name="SearchBar">
      <metrics statements="3" coveredstatements="1" conditionals="0" coveredconditionals="0" methods="1" coveredmethods="0"/>
      <file name="SearchBar.tsx" path="C:\Users\Nurli\A_MY_FILES\rs-school\week-1\movie-room-app\src\components\SearchBar\SearchBar.tsx">
        <metrics statements="2" coveredstatements="0" conditionals="0" coveredconditionals="0" methods="1" coveredmethods="0"/>
        <line num="13" count="0" type="stmt"/>
        <line num="15" count="0" type="stmt"/>
      </file>
      <file name="messages.ts" path="C:\Users\Nurli\A_MY_FILES\rs-school\week-1\movie-room-app\src\components\SearchBar\messages.ts">
        <metrics statements="1" coveredstatements="1" conditionals="0" coveredconditionals="0" methods="0" coveredmethods="0"/>
        <line num="1" count="1" type="stmt"/>
      </file>
    </package>
  </project>
</coverage>
