{"C:\\Users\\Nurli\\A_MY_FILES\\rs-school\\week-1\\movie-room-app\\src\\components\\Button\\Button.tsx": {"path":"C:\\Users\\Nurli\\A_MY_FILES\\rs-school\\week-1\\movie-room-app\\src\\components\\Button\\Button.tsx","statementMap":{"0":{"start":{"line":7,"column":45},"end":{"line":7,"column":55}},"1":{"start":{"line":8,"column":4},"end":{"line":15,"column":6}}},"fnMap":{"0":{"name":"(anonymous_0)","decl":{"start":{"line":6,"column":2},"end":{"line":6,"column":3}},"loc":{"start":{"line":6,"column":11},"end":{"line":16,"column":3}},"line":6}},"branchMap":{},"s":{"0":0,"1":0},"f":{"0":0},"b":{},"_coverageSchema":"1a1c01bbd47fc00a2c39e90264f33305004495a9","hash":"fa116ac029515da898f3425fb2245ed40dddfa86"}
,"C:\\Users\\Nurli\\A_MY_FILES\\rs-school\\week-1\\movie-room-app\\src\\components\\SearchBar\\SearchBar.tsx": {"path":"C:\\Users\\Nurli\\A_MY_FILES\\rs-school\\week-1\\movie-room-app\\src\\components\\SearchBar\\SearchBar.tsx","statementMap":{"0":{"start":{"line":13,"column":55},"end":{"line":13,"column":65}},"1":{"start":{"line":15,"column":4},"end":{"line":30,"column":6}}},"fnMap":{"0":{"name":"(anonymous_0)","decl":{"start":{"line":12,"column":2},"end":{"line":12,"column":3}},"loc":{"start":{"line":12,"column":11},"end":{"line":31,"column":3}},"line":12}},"branchMap":{},"s":{"0":0,"1":0},"f":{"0":0},"b":{},"_coverageSchema":"1a1c01bbd47fc00a2c39e90264f33305004495a9","hash":"6c76c158fca8f77ec4f5c72c86671e70a5bcde30"}
,"C:\\Users\\Nurli\\A_MY_FILES\\rs-school\\week-1\\movie-room-app\\src\\components\\SearchBar\\messages.ts": {"path":"C:\\Users\\Nurli\\A_MY_FILES\\rs-school\\week-1\\movie-room-app\\src\\components\\SearchBar\\messages.ts","statementMap":{"0":{"start":{"line":1,"column":31},"end":{"line":5,"column":1}}},"fnMap":{},"branchMap":{},"s":{"0":1},"f":{},"b":{},"_coverageSchema":"1a1c01bbd47fc00a2c39e90264f33305004495a9","hash":"a838315c0f526d9c444a3f8d57c82445501e6ae3"}
}
